# JRE version: Java(TM) SE Runtime Environment (8.0_221-b11) (build 1.8.0_221-b11)
# Java VM: Java HotSpot(TM) 64-Bit Server VM (25.221-b11 mixed mode windows-amd64 compressed oops)
Heap:
 PSYoungGen      total 115200K, used 108544K [0x00000000d5d00000, 0x00000000dd800000, 0x0000000100000000)
  eden space 108544K, 100% used [0x00000000d5d00000,0x00000000dc700000,0x00000000dc700000)
  from space 6656K, 0% used [0x00000000dd180000,0x00000000dd180000,0x00000000dd800000)
  to   space 8704K, 99% used [0x00000000dc700000,0x00000000dcf7f998,0x00000000dcf80000)
 ParOldGen       total 54784K, used 12056K [0x0000000081600000, 0x0000000084b80000, 0x00000000d5d00000)
  object space 54784K, 22% used [0x0000000081600000,0x00000000821cb128,0x0000000084b80000)
 Metaspace       used 33205K, capacity 34750K, committed 35072K, reserved 1081344K
  class space    used 4485K, capacity 4821K, committed 4864K, reserved 1048576K
GC Heap History (10 events):
Event: 1.984 GC heap before
{Heap before GC invocations=4 (full 0):
 PSYoungGen      total 38400K, used 24038K [0x00000000d5d00000, 0x00000000da800000, 0x0000000100000000)
  eden space 33280K, 56% used [0x00000000d5d00000,0x00000000d6f7d670,0x00000000d7d80000)
  from space 5120K, 99% used [0x00000000d7d80000,0x00000000d827c400,0x00000000d8280000)
  to   space 5120K, 0% used [0x00000000da300000,0x00000000da300000,0x00000000da800000)
 ParOldGen       total 87552K, used 3978K [0x0000000081600000, 0x0000000086b80000, 0x00000000d5d00000)
  object space 87552K, 4% used [0x0000000081600000,0x00000000819e2ae8,0x0000000086b80000)
 Metaspace       used 20438K, capacity 21138K, committed 21296K, reserved 1067008K
  class space    used 2744K, capacity 2917K, committed 2944K, reserved 1048576K
Event: 1.992 GC heap after
Heap after GC invocations=4 (full 0):
 PSYoungGen      total 71680K, used 5092K [0x00000000d5d00000, 0x00000000da800000, 0x0000000100000000)
  eden space 66560K, 0% used [0x00000000d5d00000,0x00000000d5d00000,0x00000000d9e00000)
  from space 5120K, 99% used [0x00000000da300000,0x00000000da7f90e8,0x00000000da800000)
  to   space 5120K, 0% used [0x00000000d9e00000,0x00000000d9e00000,0x00000000da300000)
 ParOldGen       total 87552K, used 6400K [0x0000000081600000, 0x0000000086b80000, 0x00000000d5d00000)
  object space 87552K, 7% used [0x0000000081600000,0x0000000081c40338,0x0000000086b80000)
 Metaspace       used 20438K, capacity 21138K, committed 21296K, reserved 1067008K
  class space    used 2744K, capacity 2917K, committed 2944K, reserved 1048576K
}
Event: 1.992 GC heap before
{Heap before GC invocations=5 (full 1):
 PSYoungGen      total 71680K, used 5092K [0x00000000d5d00000, 0x00000000da800000, 0x0000000100000000)
  eden space 66560K, 0% used [0x00000000d5d00000,0x00000000d5d00000,0x00000000d9e00000)
  from space 5120K, 99% used [0x00000000da300000,0x00000000da7f90e8,0x00000000da800000)
  to   space 5120K, 0% used [0x00000000d9e00000,0x00000000d9e00000,0x00000000da300000)
 ParOldGen       total 87552K, used 6400K [0x0000000081600000, 0x0000000086b80000, 0x00000000d5d00000)
  object space 87552K, 7% used [0x0000000081600000,0x0000000081c40338,0x0000000086b80000)
 Metaspace       used 20438K, capacity 21138K, committed 21296K, reserved 1067008K
  class space    used 2744K, capacity 2917K, committed 2944K, reserved 1048576K
Event: 2.021 GC heap after
Heap after GC invocations=5 (full 1):
 PSYoungGen      total 71680K, used 0K [0x00000000d5d00000, 0x00000000da800000, 0x0000000100000000)
  eden space 66560K, 0% used [0x00000000d5d00000,0x00000000d5d00000,0x00000000d9e00000)
  from space 5120K, 0% used [0x00000000da300000,0x00000000da300000,0x00000000da800000)
  to   space 5120K, 0% used [0x00000000d9e00000,0x00000000d9e00000,0x00000000da300000)
 ParOldGen       total 54784K, used 7370K [0x0000000081600000, 0x0000000084b80000, 0x00000000d5d00000)
  object space 54784K, 13% used [0x0000000081600000,0x0000000081d32978,0x0000000084b80000)
 Metaspace       used 20436K, capacity 21132K, committed 21296K, reserved 1067008K
  class space    used 2744K, capacity 2916K, committed 2944K, reserved 1048576K
}
Event: 2.583 GC heap before
{Heap before GC invocations=6 (full 1):
 PSYoungGen      total 71680K, used 66560K [0x00000000d5d00000, 0x00000000da800000, 0x0000000100000000)
  eden space 66560K, 100% used [0x00000000d5d00000,0x00000000d9e00000,0x00000000d9e00000)
  from space 5120K, 0% used [0x00000000da300000,0x00000000da300000,0x00000000da800000)
  to   space 5120K, 0% used [0x00000000d9e00000,0x00000000d9e00000,0x00000000da300000)
 ParOldGen       total 54784K, used 7471K [0x0000000081600000, 0x0000000084b80000, 0x00000000d5d00000)
  object space 54784K, 13% used [0x0000000081600000,0x0000000081d4be68,0x0000000084b80000)
 Metaspace       used 22555K, capacity 23426K, committed 23552K, reserved 1069056K
  class space    used 3078K, capacity 3295K, committed 3328K, reserved 1048576K
Event: 2.590 GC heap after
Heap after GC invocations=6 (full 1):
 PSYoungGen      total 71680K, used 5098K [0x00000000d5d00000, 0x00000000dda00000, 0x0000000100000000)
  eden space 66560K, 0% used [0x00000000d5d00000,0x00000000d5d00000,0x00000000d9e00000)
  from space 5120K, 99% used [0x00000000d9e00000,0x00000000da2fab40,0x00000000da300000)
  to   space 8704K, 0% used [0x00000000dd180000,0x00000000dd180000,0x00000000dda00000)
 ParOldGen       total 54784K, used 9012K [0x0000000081600000, 0x0000000084b80000, 0x00000000d5d00000)
  object space 54784K, 16% used [0x0000000081600000,0x0000000081ecd0d0,0x0000000084b80000)
 Metaspace       used 22555K, capacity 23426K, committed 23552K, reserved 1069056K
  class space    used 3078K, capacity 3295K, committed 3328K, reserved 1048576K
}
Event: 2.932 GC heap before
{Heap before GC invocations=7 (full 1):
 PSYoungGen      total 71680K, used 40656K [0x00000000d5d00000, 0x00000000dda00000, 0x0000000100000000)
  eden space 66560K, 53% used [0x00000000d5d00000,0x00000000d7fb98a8,0x00000000d9e00000)
  from space 5120K, 99% used [0x00000000d9e00000,0x00000000da2fab40,0x00000000da300000)
  to   space 8704K, 0% used [0x00000000dd180000,0x00000000dd180000,0x00000000dda00000)
 ParOldGen       total 54784K, used 9012K [0x0000000081600000, 0x0000000084b80000, 0x00000000d5d00000)
  object space 54784K, 16% used [0x0000000081600000,0x0000000081ecd0d0,0x0000000084b80000)
 Metaspace       used 24663K, capacity 25580K, committed 25600K, reserved 1075200K
  class space    used 3366K, capacity 3582K, committed 3584K, reserved 1048576K
Event: 2.937 GC heap after
Heap after GC invocations=7 (full 1):
 PSYoungGen      total 115200K, used 5467K [0x00000000d5d00000, 0x00000000dd800000, 0x0000000100000000)
  eden space 108544K, 0% used [0x00000000d5d00000,0x00000000d5d00000,0x00000000dc700000)
  from space 6656K, 82% used [0x00000000dd180000,0x00000000dd6d6f70,0x00000000dd800000)
  to   space 8704K, 0% used [0x00000000dc700000,0x00000000dc700000,0x00000000dcf80000)
 ParOldGen       total 54784K, used 9020K [0x0000000081600000, 0x0000000084b80000, 0x00000000d5d00000)
  object space 54784K, 16% used [0x0000000081600000,0x0000000081ecf0d0,0x0000000084b80000)
 Metaspace       used 24663K, capacity 25580K, committed 25600K, reserved 1075200K
  class space    used 3366K, capacity 3582K, committed 3584K, reserved 1048576K
}
Event: 2.937 GC heap before
{Heap before GC invocations=8 (full 2):
 PSYoungGen      total 115200K, used 5467K [0x00000000d5d00000, 0x00000000dd800000, 0x0000000100000000)
  eden space 108544K, 0% used [0x00000000d5d00000,0x00000000d5d00000,0x00000000dc700000)
  from space 6656K, 82% used [0x00000000dd180000,0x00000000dd6d6f70,0x00000000dd800000)
  to   space 8704K, 0% used [0x00000000dc700000,0x00000000dc700000,0x00000000dcf80000)
 ParOldGen       total 54784K, used 9020K [0x0000000081600000, 0x0000000084b80000, 0x00000000d5d00000)
  object space 54784K, 16% used [0x0000000081600000,0x0000000081ecf0d0,0x0000000084b80000)
 Metaspace       used 24663K, capacity 25580K, committed 25600K, reserved 1075200K
  class space    used 3366K, capacity 3582K, committed 3584K, reserved 1048576K
Event: 2.980 GC heap after
Heap after GC invocations=8 (full 2):
 PSYoungGen      total 115200K, used 0K [0x00000000d5d00000, 0x00000000dd800000, 0x0000000100000000)
  eden space 108544K, 0% used [0x00000000d5d00000,0x00000000d5d00000,0x00000000dc700000)
  from space 6656K, 0% used [0x00000000dd180000,0x00000000dd180000,0x00000000dd800000)
  to   space 8704K, 0% used [0x00000000dc700000,0x00000000dc700000,0x00000000dcf80000)
 ParOldGen       total 54784K, used 10405K [0x0000000081600000, 0x0000000084b80000, 0x00000000d5d00000)
  object space 54784K, 18% used [0x0000000081600000,0x00000000820294e0,0x0000000084b80000)
 Metaspace       used 24663K, capacity 25580K, committed 25600K, reserved 1073152K
  class space    used 3366K, capacity 3582K, committed 3584K, reserved 1048576K
}

