# JRE version: Java(TM) SE Runtime Environment (8.0_221-b11) (build 1.8.0_221-b11)
# Java VM: Java HotSpot(TM) 64-Bit Server VM (25.221-b11 mixed mode windows-amd64 compressed oops)
Heap:
 PSYoungGen      total 71680K, used 47476K [0x00000000d5d00000, 0x00000000da800000, 0x0000000100000000)
  eden space 66560K, 71% used [0x00000000d5d00000,0x00000000d8b5d338,0x00000000d9e00000)
  from space 5120K, 0% used [0x00000000da300000,0x00000000da300000,0x00000000da800000)
  to   space 5120K, 0% used [0x00000000d9e00000,0x00000000d9e00000,0x00000000da300000)
 ParOldGen       total 56832K, used 14708K [0x0000000081600000, 0x0000000084d80000, 0x00000000d5d00000)
  object space 56832K, 25% used [0x0000000081600000,0x000000008245d370,0x0000000084d80000)
 Metaspace       used 37117K, capacity 38994K, committed 39040K, reserved 1083392K
  class space    used 5102K, capacity 5459K, committed 5504K, reserved 1048576K
GC Heap History (10 events):
Event: 2.141 GC heap before
{Heap before GC invocations=6 (full 1):
 PSYoungGen      total 71680K, used 66560K [0x00000000d5d00000, 0x00000000da800000, 0x0000000100000000)
  eden space 66560K, 100% used [0x00000000d5d00000,0x00000000d9e00000,0x00000000d9e00000)
  from space 5120K, 0% used [0x00000000da300000,0x00000000da300000,0x00000000da800000)
  to   space 5120K, 0% used [0x00000000d9e00000,0x00000000d9e00000,0x00000000da300000)
 ParOldGen       total 56832K, used 7304K [0x0000000081600000, 0x0000000084d80000, 0x00000000d5d00000)
  object space 56832K, 12% used [0x0000000081600000,0x0000000081d221b0,0x0000000084d80000)
 Metaspace       used 22590K, capacity 23500K, committed 23552K, reserved 1069056K
  class space    used 3087K, capacity 3298K, committed 3328K, reserved 1048576K
Event: 2.149 GC heap after
Heap after GC invocations=6 (full 1):
 PSYoungGen      total 71680K, used 5109K [0x00000000d5d00000, 0x00000000da800000, 0x0000000100000000)
  eden space 66560K, 0% used [0x00000000d5d00000,0x00000000d5d00000,0x00000000d9e00000)
  from space 5120K, 99% used [0x00000000d9e00000,0x00000000da2fd6c0,0x00000000da300000)
  to   space 5120K, 0% used [0x00000000da300000,0x00000000da300000,0x00000000da800000)
 ParOldGen       total 56832K, used 9088K [0x0000000081600000, 0x0000000084d80000, 0x00000000d5d00000)
  object space 56832K, 15% used [0x0000000081600000,0x0000000081ee0000,0x0000000084d80000)
 Metaspace       used 22590K, capacity 23500K, committed 23552K, reserved 1069056K
  class space    used 3087K, capacity 3298K, committed 3328K, reserved 1048576K
}
Event: 2.696 GC heap before
{Heap before GC invocations=7 (full 1):
 PSYoungGen      total 71680K, used 71669K [0x00000000d5d00000, 0x00000000da800000, 0x0000000100000000)
  eden space 66560K, 100% used [0x00000000d5d00000,0x00000000d9e00000,0x00000000d9e00000)
  from space 5120K, 99% used [0x00000000d9e00000,0x00000000da2fd6c0,0x00000000da300000)
  to   space 5120K, 0% used [0x00000000da300000,0x00000000da300000,0x00000000da800000)
 ParOldGen       total 56832K, used 9088K [0x0000000081600000, 0x0000000084d80000, 0x00000000d5d00000)
  object space 56832K, 15% used [0x0000000081600000,0x0000000081ee0000,0x0000000084d80000)
 Metaspace       used 27780K, capacity 29252K, committed 29440K, reserved 1075200K
  class space    used 3767K, capacity 4056K, committed 4096K, reserved 1048576K
Event: 2.704 GC heap after
Heap after GC invocations=7 (full 1):
 PSYoungGen      total 71680K, used 5088K [0x00000000d5d00000, 0x00000000da800000, 0x0000000100000000)
  eden space 66560K, 0% used [0x00000000d5d00000,0x00000000d5d00000,0x00000000d9e00000)
  from space 5120K, 99% used [0x00000000da300000,0x00000000da7f8020,0x00000000da800000)
  to   space 5120K, 0% used [0x00000000d9e00000,0x00000000d9e00000,0x00000000da300000)
 ParOldGen       total 56832K, used 13248K [0x0000000081600000, 0x0000000084d80000, 0x00000000d5d00000)
  object space 56832K, 23% used [0x0000000081600000,0x00000000822f0060,0x0000000084d80000)
 Metaspace       used 27780K, capacity 29252K, committed 29440K, reserved 1075200K
  class space    used 3767K, capacity 4056K, committed 4096K, reserved 1048576K
}
Event: 3.509 GC heap before
{Heap before GC invocations=8 (full 1):
 PSYoungGen      total 71680K, used 71648K [0x00000000d5d00000, 0x00000000da800000, 0x0000000100000000)
  eden space 66560K, 100% used [0x00000000d5d00000,0x00000000d9e00000,0x00000000d9e00000)
  from space 5120K, 99% used [0x00000000da300000,0x00000000da7f8020,0x00000000da800000)
  to   space 5120K, 0% used [0x00000000d9e00000,0x00000000d9e00000,0x00000000da300000)
 ParOldGen       total 56832K, used 13248K [0x0000000081600000, 0x0000000084d80000, 0x00000000d5d00000)
  object space 56832K, 23% used [0x0000000081600000,0x00000000822f0060,0x0000000084d80000)
 Metaspace       used 33072K, capacity 34640K, committed 34816K, reserved 1079296K
  class space    used 4465K, capacity 4788K, committed 4864K, reserved 1048576K
Event: 3.519 GC heap after
Heap after GC invocations=8 (full 1):
 PSYoungGen      total 71680K, used 5099K [0x00000000d5d00000, 0x00000000da800000, 0x0000000100000000)
  eden space 66560K, 0% used [0x00000000d5d00000,0x00000000d5d00000,0x00000000d9e00000)
  from space 5120K, 99% used [0x00000000d9e00000,0x00000000da2fafd0,0x00000000da300000)
  to   space 5120K, 0% used [0x00000000da300000,0x00000000da300000,0x00000000da800000)
 ParOldGen       total 56832K, used 20045K [0x0000000081600000, 0x0000000084d80000, 0x00000000d5d00000)
  object space 56832K, 35% used [0x0000000081600000,0x0000000082993520,0x0000000084d80000)
 Metaspace       used 33072K, capacity 34640K, committed 34816K, reserved 1079296K
  class space    used 4465K, capacity 4788K, committed 4864K, reserved 1048576K
}
Event: 3.640 GC heap before
{Heap before GC invocations=9 (full 1):
 PSYoungGen      total 71680K, used 20282K [0x00000000d5d00000, 0x00000000da800000, 0x0000000100000000)
  eden space 66560K, 22% used [0x00000000d5d00000,0x00000000d6bd3938,0x00000000d9e00000)
  from space 5120K, 99% used [0x00000000d9e00000,0x00000000da2fafd0,0x00000000da300000)
  to   space 5120K, 0% used [0x00000000da300000,0x00000000da300000,0x00000000da800000)
 ParOldGen       total 56832K, used 20045K [0x0000000081600000, 0x0000000084d80000, 0x00000000d5d00000)
  object space 56832K, 35% used [0x0000000081600000,0x0000000082993520,0x0000000084d80000)
 Metaspace       used 33753K, capacity 35336K, committed 35496K, reserved 1079296K
  class space    used 4549K, capacity 4864K, committed 4864K, reserved 1048576K
Event: 3.646 GC heap after
Heap after GC invocations=9 (full 1):
 PSYoungGen      total 71680K, used 5099K [0x00000000d5d00000, 0x00000000da800000, 0x0000000100000000)
  eden space 66560K, 0% used [0x00000000d5d00000,0x00000000d5d00000,0x00000000d9e00000)
  from space 5120K, 99% used [0x00000000da300000,0x00000000da7fafd0,0x00000000da800000)
  to   space 5120K, 0% used [0x00000000d9e00000,0x00000000d9e00000,0x00000000da300000)
 ParOldGen       total 56832K, used 21568K [0x0000000081600000, 0x0000000084d80000, 0x00000000d5d00000)
  object space 56832K, 37% used [0x0000000081600000,0x0000000082b10358,0x0000000084d80000)
 Metaspace       used 33753K, capacity 35336K, committed 35496K, reserved 1079296K
  class space    used 4549K, capacity 4864K, committed 4864K, reserved 1048576K
}
Event: 3.646 GC heap before
{Heap before GC invocations=10 (full 2):
 PSYoungGen      total 71680K, used 5099K [0x00000000d5d00000, 0x00000000da800000, 0x0000000100000000)
  eden space 66560K, 0% used [0x00000000d5d00000,0x00000000d5d00000,0x00000000d9e00000)
  from space 5120K, 99% used [0x00000000da300000,0x00000000da7fafd0,0x00000000da800000)
  to   space 5120K, 0% used [0x00000000d9e00000,0x00000000d9e00000,0x00000000da300000)
 ParOldGen       total 56832K, used 21568K [0x0000000081600000, 0x0000000084d80000, 0x00000000d5d00000)
  object space 56832K, 37% used [0x0000000081600000,0x0000000082b10358,0x0000000084d80000)
 Metaspace       used 33753K, capacity 35336K, committed 35496K, reserved 1079296K
  class space    used 4549K, capacity 4864K, committed 4864K, reserved 1048576K
Event: 3.704 GC heap after
Heap after GC invocations=10 (full 2):
 PSYoungGen      total 71680K, used 0K [0x00000000d5d00000, 0x00000000da800000, 0x0000000100000000)
  eden space 66560K, 0% used [0x00000000d5d00000,0x00000000d5d00000,0x00000000d9e00000)
  from space 5120K, 0% used [0x00000000da300000,0x00000000da300000,0x00000000da800000)
  to   space 5120K, 0% used [0x00000000d9e00000,0x00000000d9e00000,0x00000000da300000)
 ParOldGen       total 56832K, used 14708K [0x0000000081600000, 0x0000000084d80000, 0x00000000d5d00000)
  object space 56832K, 25% used [0x0000000081600000,0x000000008245d370,0x0000000084d80000)
 Metaspace       used 33753K, capacity 35336K, committed 35496K, reserved 1079296K
  class space    used 4549K, capacity 4864K, committed 4864K, reserved 1048576K
}

